2011/03/24 23:25:01 にビルドを開始しました。
     1>ノード 2 上のプロジェクト "D:\USB_Book_PC\WinUSB_Generic_Host\WinUSB_Generic_Host\WinUSB_Generic_Host.vcxproj" (build ターゲット)。
     1>InitializeBuildStatus:
         "Debug\WinUSB_Generic_Host.unsuccessfulbuild" のタッチ タスクを実行しています。
       GenerateTargetFrameworkMonikerAttribute:
       すべての出力ファイルが入力ファイルに対して最新なので、ターゲット "GenerateTargetFrameworkMonikerAttribute" を省略します。
       ClCompile:
         すべての出力が最新のものです。
         C:\Program Files\Microsoft Visual Studio 10.0\VC\bin\CL.exe /c /AI"C:\Program Files\Reference Assemblies\Microsoft\Framework\.NETFramework\v4.0" /Zi /clr:pure /nologo /W3 /WX- /Od /Oy- /D WIN32 /D _DEBUG /D _UNICODE /D UNICODE /EHa /MDd /GS /fp:precise /Zc:wchar_t /Zc:forScope /Yu"StdAfx.h" /Fp"Debug\WinUSB_Generic_Host.pch" /Fo"Debug\\" /Fd"Debug\vc100.pdb" /TP /FU"C:\Program Files\Reference Assemblies\Microsoft\Framework\.NETFramework\v4.0\System.Core.dll" /FU"C:\Program Files\Reference Assemblies\Microsoft\Framework\.NETFramework\v4.0\System.Data.dll" /FU"C:\Program Files\Reference Assemblies\Microsoft\Framework\.NETFramework\v4.0\System.dll" /FU"C:\Program Files\Reference Assemblies\Microsoft\Framework\.NETFramework\v4.0\System.Drawing.dll" /FU"C:\Program Files\Reference Assemblies\Microsoft\Framework\.NETFramework\v4.0\System.Windows.Forms.dll" /FU"C:\Program Files\Reference Assemblies\Microsoft\Framework\.NETFramework\v4.0\System.Xml.dll" /analyze- /errorReport:prompt WinUSB_Generic_Host.cpp /clr:nostdlib 
         WinUSB_Generic_Host.cpp
         すべての出力が最新のものです。
       CoreResGen:
         "C:\Program Files\Microsoft SDKs\Windows\v7.0A\bin\NETFX 4.0 Tools\resgen.exe" /useSourcePath /r:"C:\Program Files\Reference Assemblies\Microsoft\Framework\.NETFramework\v4.0\System.Core.dll" /r:"C:\Program Files\Reference Assemblies\Microsoft\Framework\.NETFramework\v4.0\System.Data.dll" /r:"C:\Program Files\Reference Assemblies\Microsoft\Framework\.NETFramework\v4.0\System.dll" /r:"C:\Program Files\Reference Assemblies\Microsoft\Framework\.NETFramework\v4.0\System.Drawing.dll" /r:"C:\Program Files\Reference Assemblies\Microsoft\Framework\.NETFramework\v4.0\System.Windows.Forms.dll" /r:"C:\Program Files\Reference Assemblies\Microsoft\Framework\.NETFramework\v4.0\System.Xml.dll" /compile Form1.resX,Debug\WinUSB_Generic_Host.Form1.resources
         リソース ファイル "Form1.resX" を "Debug\WinUSB_Generic_Host.Form1.resources" に処理しています。
       ResourceCompile:
         すべての出力が最新のものです。
       Link:
         C:\Program Files\Microsoft Visual Studio 10.0\VC\bin\link.exe /ERRORREPORT:PROMPT /OUT:"D:\USB_Book_PC\WinUSB_Generic_Host\Debug\WinUSB_Generic_Host.exe" /INCREMENTAL /NOLOGO /ASSEMBLYRESOURCE:Debug\WinUSB_Generic_Host.Form1.resources /MANIFEST /ManifestFile:"Debug\WinUSB_Generic_Host.exe.intermediate.manifest" /MANIFESTUAC:"level='asInvoker' uiAccess='false'" /DEBUG /PDB:"D:\USB_Book_PC\WinUSB_Generic_Host\Debug\WinUSB_Generic_Host.pdb" /ASSEMBLYDEBUG /SUBSYSTEM:WINDOWS /TLBID:1 /ENTRY:"main" /DYNAMICBASE /FIXED:NO /NXCOMPAT /MACHINE:X86 Debug\app.res
         Debug\AssemblyInfo.obj
         Debug\stdafx.obj
         Debug\WinUSB_Generic_Host.obj
         "Debug\.NETFramework,Version=v4.0.AssemblyAttributes.obj"
         WinUSB_Generic_Host.vcxproj -> D:\USB_Book_PC\WinUSB_Generic_Host\Debug\WinUSB_Generic_Host.exe
       Manifest:
         C:\Program Files\Microsoft SDKs\Windows\v7.0A\bin\mt.exe /nologo /verbose /outputresource:"D:\USB_Book_PC\WinUSB_Generic_Host\Debug\WinUSB_Generic_Host.exe;#1" /manifest Debug\WinUSB_Generic_Host.exe.intermediate.manifest
       FinalizeBuildStatus:
         ファイル "Debug\WinUSB_Generic_Host.unsuccessfulbuild" を削除しています。
         "Debug\WinUSB_Generic_Host.lastbuildstate" のタッチ タスクを実行しています。
     1>プロジェクト "D:\USB_Book_PC\WinUSB_Generic_Host\WinUSB_Generic_Host\WinUSB_Generic_Host.vcxproj" (build ターゲット) のビルドが完了しました。

ビルドに成功しました。

経過時間 00:00:02.62
